0 info it worked if it ends with ok
1 verbose cli [ 'node', '/usr/local/bin/npm', 'install' ]
2 info using npm@1.3.21
3 info using node@v0.10.24
4 verbose readDependencies using package.json deps
5 verbose install where, deps [ '/Users/spencerhandley/Desktop/Explohr',
5 verbose install   [ 'async',
5 verbose install     'swig',
5 verbose install     'express',
5 verbose install     'winston',
5 verbose install     'nconf',
5 verbose install     'cookies',
5 verbose install     'bcrypt',
5 verbose install     'useragent',
5 verbose install     'semver',
5 verbose install     'underscore',
5 verbose install     'express-state',
5 verbose install     'browser-check',
5 verbose install     'route-registry',
5 verbose install     'passport',
5 verbose install     'connect-flash',
5 verbose install     'connect-mongodb',
5 verbose install     'passport-local',
5 verbose install     'passport-facebook',
5 verbose install     'express-shared-routes',
5 verbose install     'jade',
5 verbose install     'mailer',
5 verbose install     'validator',
5 verbose install     'mongodb',
5 verbose install     'monk',
5 verbose install     'mongoose',
5 verbose install     'passport-local-mongoose',
5 verbose install     'mongoose-thumbnail',
5 verbose install     'moment',
5 verbose install     'd3',
5 verbose install     'mocha',
5 verbose install     'chai',
5 verbose install     'should',
5 verbose install     'grunt',
5 verbose install     'grunt-contrib-jshint',
5 verbose install     'grunt-contrib-watch',
5 verbose install     'grunt-jscs-checker',
5 verbose install     'grunt-contrib-csslint',
5 verbose install     'load-grunt-tasks',
5 verbose install     'grunt-express-server',
5 verbose install     'grunt-contrib-concat',
5 verbose install     'grunt-contrib-uglify',
5 verbose install     'grunt-contrib-cssmin',
5 verbose install     'grunt-contrib-copy',
5 verbose install     'grunt-contrib-clean',
5 verbose install     'grunt-filerev',
5 verbose install     'grunt-usemin',
5 verbose install     'grunt-notify',
5 verbose install     'mkdirp' ] ]
6 info preinstall express-app@0.0.1
7 warn package.json make@0.0.0 No repository field.
8 warn package.json route-registry@0.0.2 No description
9 verbose readDependencies using package.json deps
10 verbose already installed skipping winston@~0.7.2 /Users/spencerhandley/Desktop/Explohr
11 verbose already installed skipping swig@1.1.x /Users/spencerhandley/Desktop/Explohr
12 verbose already installed skipping nconf@~0.6.9 /Users/spencerhandley/Desktop/Explohr
13 verbose already installed skipping express@3.4.x /Users/spencerhandley/Desktop/Explohr
14 verbose already installed skipping cookies@~0.4.0 /Users/spencerhandley/Desktop/Explohr
15 verbose already installed skipping bcrypt@* /Users/spencerhandley/Desktop/Explohr
16 verbose already installed skipping useragent@~2.0.7 /Users/spencerhandley/Desktop/Explohr
17 verbose already installed skipping semver@~2.2.1 /Users/spencerhandley/Desktop/Explohr
18 verbose already installed skipping underscore@~1.6.0 /Users/spencerhandley/Desktop/Explohr
19 verbose already installed skipping express-state@~1.1.2 /Users/spencerhandley/Desktop/Explohr
20 verbose already installed skipping browser-check@0.0.0 /Users/spencerhandley/Desktop/Explohr
21 verbose already installed skipping route-registry@0.0.2 /Users/spencerhandley/Desktop/Explohr
22 verbose already installed skipping passport@0.2.0 /Users/spencerhandley/Desktop/Explohr
23 verbose already installed skipping connect-flash@ 0.1.1 /Users/spencerhandley/Desktop/Explohr
24 verbose already installed skipping connect-mongodb@* /Users/spencerhandley/Desktop/Explohr
25 verbose already installed skipping passport-local@1.0.0 /Users/spencerhandley/Desktop/Explohr
26 verbose already installed skipping passport-facebook@* /Users/spencerhandley/Desktop/Explohr
27 verbose already installed skipping express-shared-routes@~0.1.1 /Users/spencerhandley/Desktop/Explohr
28 verbose already installed skipping jade@1.3.0 /Users/spencerhandley/Desktop/Explohr
29 verbose already installed skipping mailer@* /Users/spencerhandley/Desktop/Explohr
30 verbose already installed skipping validator@1.5.1 /Users/spencerhandley/Desktop/Explohr
31 verbose already installed skipping mongodb@* /Users/spencerhandley/Desktop/Explohr
32 verbose already installed skipping monk@* /Users/spencerhandley/Desktop/Explohr
33 verbose already installed skipping mongoose@* /Users/spencerhandley/Desktop/Explohr
34 verbose already installed skipping passport-local-mongoose@* /Users/spencerhandley/Desktop/Explohr
35 verbose already installed skipping mongoose-thumbnail@* /Users/spencerhandley/Desktop/Explohr
36 verbose already installed skipping moment@* /Users/spencerhandley/Desktop/Explohr
37 verbose already installed skipping d3@* /Users/spencerhandley/Desktop/Explohr
38 verbose already installed skipping mocha@* /Users/spencerhandley/Desktop/Explohr
39 verbose already installed skipping chai@* /Users/spencerhandley/Desktop/Explohr
40 verbose already installed skipping should@* /Users/spencerhandley/Desktop/Explohr
41 verbose already installed skipping grunt@~0.4.0 /Users/spencerhandley/Desktop/Explohr
42 verbose already installed skipping grunt-contrib-jshint@~0.7.2 /Users/spencerhandley/Desktop/Explohr
43 verbose already installed skipping grunt-contrib-watch@~0.5.3 /Users/spencerhandley/Desktop/Explohr
44 verbose already installed skipping grunt-jscs-checker@~0.3.0 /Users/spencerhandley/Desktop/Explohr
45 verbose already installed skipping grunt-contrib-csslint@~0.2.0 /Users/spencerhandley/Desktop/Explohr
46 verbose already installed skipping load-grunt-tasks@~0.2.1 /Users/spencerhandley/Desktop/Explohr
47 verbose already installed skipping grunt-express-server@~0.4.11 /Users/spencerhandley/Desktop/Explohr
48 verbose already installed skipping grunt-contrib-concat@~0.3.0 /Users/spencerhandley/Desktop/Explohr
49 verbose already installed skipping grunt-contrib-uglify@~0.2.7 /Users/spencerhandley/Desktop/Explohr
50 verbose already installed skipping grunt-contrib-cssmin@~0.7.0 /Users/spencerhandley/Desktop/Explohr
51 verbose already installed skipping grunt-contrib-copy@~0.5.0 /Users/spencerhandley/Desktop/Explohr
52 verbose already installed skipping grunt-contrib-clean@~0.5.0 /Users/spencerhandley/Desktop/Explohr
53 verbose already installed skipping grunt-filerev@~0.2.0 /Users/spencerhandley/Desktop/Explohr
54 verbose already installed skipping grunt-usemin@~2.0.2 /Users/spencerhandley/Desktop/Explohr
55 verbose already installed skipping grunt-notify@~0.2.17 /Users/spencerhandley/Desktop/Explohr
56 verbose already installed skipping mkdirp@~0.3.5 /Users/spencerhandley/Desktop/Explohr
57 verbose already installed skipping async@0.2.x /Users/spencerhandley/Desktop/Explohr
58 silly resolved []
59 info build /Users/spencerhandley/Desktop/Explohr
60 verbose linkStuff [ false, false, false, '/Users/spencerhandley/Desktop' ]
61 info linkStuff express-app@0.0.1
62 verbose linkBins express-app@0.0.1
63 verbose linkMans express-app@0.0.1
64 verbose rebuildBundles express-app@0.0.1
65 verbose rebuildBundles [ '.DS_Store',
65 verbose rebuildBundles   '.bin',
65 verbose rebuildBundles   'async',
65 verbose rebuildBundles   'bcrypt',
65 verbose rebuildBundles   'browser-check',
65 verbose rebuildBundles   'chai',
65 verbose rebuildBundles   'connect-flash',
65 verbose rebuildBundles   'connect-mongodb',
65 verbose rebuildBundles   'cookies',
65 verbose rebuildBundles   'd3',
65 verbose rebuildBundles   'express',
65 verbose rebuildBundles   'express-shared-routes',
65 verbose rebuildBundles   'express-state',
65 verbose rebuildBundles   'grunt',
65 verbose rebuildBundles   'grunt-contrib-clean',
65 verbose rebuildBundles   'grunt-contrib-concat',
65 verbose rebuildBundles   'grunt-contrib-copy',
65 verbose rebuildBundles   'grunt-contrib-csslint',
65 verbose rebuildBundles   'grunt-contrib-cssmin',
65 verbose rebuildBundles   'grunt-contrib-jshint',
65 verbose rebuildBundles   'grunt-contrib-uglify',
65 verbose rebuildBundles   'grunt-contrib-watch',
65 verbose rebuildBundles   'grunt-express-server',
65 verbose rebuildBundles   'grunt-filerev',
65 verbose rebuildBundles   'grunt-jscs-checker',
65 verbose rebuildBundles   'grunt-notify',
65 verbose rebuildBundles   'grunt-usemin',
65 verbose rebuildBundles   'jade',
65 verbose rebuildBundles   'load-grunt-tasks',
65 verbose rebuildBundles   'mailer',
65 verbose rebuildBundles   'make',
65 verbose rebuildBundles   'mkdirp',
65 verbose rebuildBundles   'mocha',
65 verbose rebuildBundles   'moment',
65 verbose rebuildBundles   'mongodb',
65 verbose rebuildBundles   'mongoose',
65 verbose rebuildBundles   'mongoose-thumbnail',
65 verbose rebuildBundles   'monk',
65 verbose rebuildBundles   'nconf',
65 verbose rebuildBundles   'passport',
65 verbose rebuildBundles   'passport-facebook',
65 verbose rebuildBundles   'passport-local',
65 verbose rebuildBundles   'passport-local-mongoose',
65 verbose rebuildBundles   'route-registry',
65 verbose rebuildBundles   'semver',
65 verbose rebuildBundles   'should',
65 verbose rebuildBundles   'swig',
65 verbose rebuildBundles   'underscore',
65 verbose rebuildBundles   'useragent',
65 verbose rebuildBundles   'validator',
65 verbose rebuildBundles   'winston' ]
66 verbose rebuild bundle /Users/spencerhandley/Desktop/Explohr/node_modules/make
67 info build /Users/spencerhandley/Desktop/Explohr/node_modules/make
68 info preinstall make@0.0.0
69 verbose linkStuff [ false,
69 verbose linkStuff   false,
69 verbose linkStuff   false,
69 verbose linkStuff   '/Users/spencerhandley/Desktop/Explohr/node_modules' ]
70 info linkStuff make@0.0.0
71 verbose linkBins make@0.0.0
72 verbose linkMans make@0.0.0
73 verbose rebuildBundles make@0.0.0
74 info install make@0.0.0
75 info postinstall make@0.0.0
76 info install express-app@0.0.1
77 info postinstall express-app@0.0.1
78 info prepublish express-app@0.0.1
79 error peerinvalid The package grunt does not satisfy its siblings' peerDependencies requirements!
79 error peerinvalid Peer grunt-contrib-jshint@0.7.2 wants grunt@~0.4.0
79 error peerinvalid Peer grunt-contrib-watch@0.5.3 wants grunt@~0.4.0
79 error peerinvalid Peer grunt-jscs-checker@0.3.2 wants grunt@0.4.2
79 error peerinvalid Peer grunt-contrib-csslint@0.2.0 wants grunt@~0.4.0
79 error peerinvalid Peer grunt-express-server@0.4.13 wants grunt@~0.4.0
79 error peerinvalid Peer grunt-contrib-concat@0.3.0 wants grunt@~0.4.0
79 error peerinvalid Peer grunt-contrib-uglify@0.2.7 wants grunt@~0.4.0
79 error peerinvalid Peer grunt-contrib-cssmin@0.7.0 wants grunt@~0.4.1
79 error peerinvalid Peer grunt-contrib-copy@0.5.0 wants grunt@~0.4.0
79 error peerinvalid Peer grunt-contrib-clean@0.5.0 wants grunt@~0.4.0
79 error peerinvalid Peer grunt-filerev@0.2.1 wants grunt@>=0.4.0
79 error peerinvalid Peer grunt-usemin@2.0.2 wants grunt@~0.4.0
79 error peerinvalid Peer grunt-notify@0.2.20 wants grunt@~0.4.1
80 error System Darwin 13.1.0
81 error command "node" "/usr/local/bin/npm" "install"
82 error cwd /Users/spencerhandley/Desktop/Explohr
83 error node -v v0.10.24
84 error npm -v 1.3.21
85 error code EPEERINVALID
86 verbose exit [ 1, true ]
